Handling lib "rpc-service-config"...
Handling lib "wifi"...
Handling lib "dht"...
Handling lib "rpc-service-fs"...
Handling lib "core"...
Handling lib "rpc-uart"...
core: Checking out 2.10.0...
wifi: Checking out 2.10.0...
rpc-service-config: Checking out 2.10.0...
core: Done, hash b713e39aa2828bcd6b0139fc07207d275be77a6e
core: Hash unchanged at b713e39aa2828bcd6b0139fc07207d275be77a6e (dir "/fwbuild-volumes/2.10.0/apps/mbed/esp32/build_contexts/build_ctx_353438658/libs/core")
core: Prepared local dir: "/fwbuild-volumes/2.10.0/apps/mbed/esp32/build_contexts/build_ctx_353438658/libs/core"
Handling lib "mongoose"...
Handling lib "vfs-fs-lfs"...
Handling lib "vfs-fs-spiffs"...
rpc-service-config: Done, hash 8ceacef143f63104bf6b2ee2842358edf04bcce0
rpc-service-config: Hash unchanged at 8ceacef143f63104bf6b2ee2842358edf04bcce0 (dir "/fwbuild-volumes/2.10.0/apps/mbed/esp32/build_contexts/build_ctx_353438658/libs/rpc-service-config")
rpc-service-config: Prepared local dir: "/fwbuild-volumes/2.10.0/apps/mbed/esp32/build_contexts/build_ctx_353438658/libs/rpc-service-config"
rpc-uart: Checking out 2.10.0...
Handling lib "rpc-common"...
rpc-service-fs: Checking out 2.10.0...
wifi: Done, hash 91be6608ff9ee490f0654330f0978d73958123b9
wifi: Hash unchanged at 91be6608ff9ee490f0654330f0978d73958123b9 (dir "/fwbuild-volumes/2.10.0/apps/mbed/esp32/build_contexts/build_ctx_353438658/libs/wifi")
wifi: Prepared local dir: "/fwbuild-volumes/2.10.0/apps/mbed/esp32/build_contexts/build_ctx_353438658/libs/wifi"
rpc-service-fs: Done, hash d51b3684c361cd0e5ebdfe456b6dacaeae17155e
rpc-service-fs: Hash unchanged at d51b3684c361cd0e5ebdfe456b6dacaeae17155e (dir "/fwbuild-volumes/2.10.0/apps/mbed/esp32/build_contexts/build_ctx_353438658/libs/rpc-service-fs")
rpc-service-fs: Prepared local dir: "/fwbuild-volumes/2.10.0/apps/mbed/esp32/build_contexts/build_ctx_353438658/libs/rpc-service-fs"
rpc-uart: Done, hash 45037dcad1a658ee0acf3d7247ca390dab977a87
rpc-uart: Hash unchanged at 45037dcad1a658ee0acf3d7247ca390dab977a87 (dir "/fwbuild-volumes/2.10.0/apps/mbed/esp32/build_contexts/build_ctx_353438658/libs/rpc-uart")
rpc-uart: Prepared local dir: "/fwbuild-volumes/2.10.0/apps/mbed/esp32/build_contexts/build_ctx_353438658/libs/rpc-uart"
dht: Checking out 2.10.0...
mongoose: Checking out 2.10.0...
vfs-fs-spiffs: Checking out 2.10.0...
mongoose: Done, hash 641a97054f1aa5b9fea30bc9822b208ed455345b
mongoose: Hash unchanged at 641a97054f1aa5b9fea30bc9822b208ed455345b (dir "/fwbuild-volumes/2.10.0/apps/mbed/esp32/build_contexts/build_ctx_353438658/libs/mongoose")
mongoose: Prepared local dir: "/fwbuild-volumes/2.10.0/apps/mbed/esp32/build_contexts/build_ctx_353438658/libs/mongoose"
rpc-common: Checking out 2.10.0...
vfs-fs-lfs: Checking out 2.10.0...
dht: Done, hash c5079863203c172fc5b6420c2c2557d4df9d2342
dht: Hash unchanged at c5079863203c172fc5b6420c2c2557d4df9d2342 (dir "/fwbuild-volumes/2.10.0/apps/mbed/esp32/build_contexts/build_ctx_353438658/libs/dht")
dht: Prepared local dir: "/fwbuild-volumes/2.10.0/apps/mbed/esp32/build_contexts/build_ctx_353438658/libs/dht"
Handling lib "mbedtls"...
Handling lib "vfs-common"...
vfs-fs-spiffs: Done, hash 860d312f7b5a04ee2ab450712b0c33ff9366b523
vfs-fs-spiffs: Hash unchanged at 860d312f7b5a04ee2ab450712b0c33ff9366b523 (dir "/fwbuild-volumes/2.10.0/apps/mbed/esp32/build_contexts/build_ctx_353438658/libs/vfs-fs-spiffs")
vfs-fs-spiffs: Prepared local dir: "/fwbuild-volumes/2.10.0/apps/mbed/esp32/build_contexts/build_ctx_353438658/libs/vfs-fs-spiffs"
rpc-common: Done, hash a20f1fa465aa440884fd67cf1fe9d66434829717
vfs-fs-lfs: Done, hash 456ebff3e2ca8bed7677ecd05143f5c5608693e5
rpc-common: Hash unchanged at a20f1fa465aa440884fd67cf1fe9d66434829717 (dir "/fwbuild-volumes/2.10.0/apps/mbed/esp32/build_contexts/build_ctx_353438658/libs/rpc-common")
rpc-common: Prepared local dir: "/fwbuild-volumes/2.10.0/apps/mbed/esp32/build_contexts/build_ctx_353438658/libs/rpc-common"
vfs-fs-lfs: Hash unchanged at 456ebff3e2ca8bed7677ecd05143f5c5608693e5 (dir "/fwbuild-volumes/2.10.0/apps/mbed/esp32/build_contexts/build_ctx_353438658/libs/vfs-fs-lfs")
vfs-fs-lfs: Prepared local dir: "/fwbuild-volumes/2.10.0/apps/mbed/esp32/build_contexts/build_ctx_353438658/libs/vfs-fs-lfs"
vfs-common: Checking out 2.10.0...
vfs-common: Done, hash 9ac59e5c8b6728377d4c8ea283324f529f203452
vfs-common: Hash unchanged at 9ac59e5c8b6728377d4c8ea283324f529f203452 (dir "/fwbuild-volumes/2.10.0/apps/mbed/esp32/build_contexts/build_ctx_353438658/libs/vfs-common")
vfs-common: Prepared local dir: "/fwbuild-volumes/2.10.0/apps/mbed/esp32/build_contexts/build_ctx_353438658/libs/vfs-common"
mbedtls: Checking out 2.10.0...
mbedtls: Done, hash 3a1bd696b88db012ff002f0a8c3d9589f4ff593c
mbedtls: Hash unchanged at 3a1bd696b88db012ff002f0a8c3d9589f4ff593c (dir "/fwbuild-volumes/2.10.0/apps/mbed/esp32/build_contexts/build_ctx_353438658/libs/mbedtls")
mbedtls: Prepared local dir: "/fwbuild-volumes/2.10.0/apps/mbed/esp32/build_contexts/build_ctx_353438658/libs/mbedtls"
Handling lib "atca"...
atca: Checking out 2.10.0...
atca: Done, hash df2bbaf0d1279ab104459bbadf1477daf4b39e08
atca: Hash unchanged at df2bbaf0d1279ab104459bbadf1477daf4b39e08 (dir "/fwbuild-volumes/2.10.0/apps/mbed/esp32/build_contexts/build_ctx_353438658/libs/atca")
atca: Prepared local dir: "/fwbuild-volumes/2.10.0/apps/mbed/esp32/build_contexts/build_ctx_353438658/libs/atca"
Handling lib "i2c"...
i2c: Checking out 2.10.0...
i2c: Done, hash f5ee069d94aa2ae7c627646e5f237f50e8c7001e
i2c: Hash unchanged at f5ee069d94aa2ae7c627646e5f237f50e8c7001e (dir "/fwbuild-volumes/2.10.0/apps/mbed/esp32/build_contexts/build_ctx_353438658/libs/i2c")
i2c: Prepared local dir: "/fwbuild-volumes/2.10.0/apps/mbed/esp32/build_contexts/build_ctx_353438658/libs/i2c"
The flag --repo is not given, going to use mongoose-os repository
mongoose-os: Checking out 2.10.0...
mongoose-os: Done, hash c314a13fa509e2a50cb0fa2f01075ecaa3da89d1
Prebuilt binary for "mbedtls" already exists at "/fwbuild-volumes/2.10.0/apps/mbed/esp32/build_contexts/build_ctx_353438658/libs/mbedtls/lib/esp32/libmbedtls.a"
Prebuilt binary for "mongoose" already exists at "/fwbuild-volumes/2.10.0/apps/mbed/esp32/build_contexts/build_ctx_353438658/libs/mongoose/lib/esp32/libmongoose.a"
Sources: [/fwbuild-volumes/2.10.0/apps/mbed/esp32/build_contexts/build_ctx_353438658/src/main.c /fwbuild-volumes/2.10.0/apps/mbed/esp32/build_contexts/build_ctx_353438658/build/gen/mgos_deps_init.c /fwbuild-volumes/2.10.0/apps/mbed/esp32/build_contexts/build_ctx_353438658/libs/i2c/src/mgos_i2c.c /fwbuild-volumes/2.10.0/apps/mbed/esp32/build_contexts/build_ctx_353438658/libs/i2c/esp32/src/esp32_i2c_master.c /fwbuild-volumes/2.10.0/apps/mbed/esp32/build_contexts/build_ctx_353438658/libs/atca/src/mgos_atca.c /fwbuild-volumes/2.10.0/apps/mbed/esp32/build_contexts/build_ctx_353438658/libs/atca/cryptoauthlib/lib/atca_cfgs.c /fwbuild-volumes/2.10.0/apps/mbed/esp32/build_contexts/build_ctx_353438658/libs/atca/cryptoauthlib/lib/atca_command.c /fwbuild-volumes/2.10.0/apps/mbed/esp32/build_contexts/build_ctx_353438658/libs/atca/cryptoauthlib/lib/atca_device.c /fwbuild-volumes/2.10.0/apps/mbed/esp32/build_contexts/build_ctx_353438658/libs/atca/cryptoauthlib/lib/atca_iface.c /fwbuild-volumes/2.10.0/apps/mbed/esp32/build_contexts/build_ctx_353438658/libs/atca/cryptoauthlib/lib/basic/atca_basic.c /fwbuild-volumes/2.10.0/apps/mbed/esp32/build_contexts/build_ctx_353438658/libs/atca/cryptoauthlib/lib/basic/atca_helpers.c /fwbuild-volumes/2.10.0/apps/mbed/esp32/build_contexts/build_ctx_353438658/libs/atca/cryptoauthlib/lib/host/atca_host.c /fwbuild-volumes/2.10.0/apps/mbed/esp32/build_contexts/build_ctx_353438658/libs/vfs-common/src/mgos_vfs.c /fwbuild-volumes/2.10.0/apps/mbed/esp32/build_contexts/build_ctx_353438658/libs/vfs-common/src/mgos_vfs_dev.c /fwbuild-volumes/2.10.0/apps/mbed/esp32/build_contexts/build_ctx_353438658/libs/vfs-common/src/mgos_vfs_internal.c /fwbuild-volumes/2.10.0/apps/mbed/esp32/build_contexts/build_ctx_353438658/libs/vfs-common/src/esp32/esp32_fs.c /fwbuild-volumes/2.10.0/apps/mbed/esp32/build_contexts/build_ctx_353438658/libs/vfs-common/src/esp32/esp32_fs_crypt.c /fwbuild-volumes/2.10.0/apps/mbed/esp32/build_contexts/build_ctx_353438658/libs/vfs-common/src/esp32/esp32_vfs_dev_partition.c /fwbuild-volumes/2.10.0/apps/mbed/esp32/build_contexts/build_ctx_353438658/libs/vfs-fs-lfs/src/mgos_vfs_lfs.c /fwbuild-volumes/2.10.0/apps/mbed/esp32/build_contexts/build_ctx_353438658/libs/vfs-fs-lfs/src/littlefs/lfs.c /fwbuild-volumes/2.10.0/apps/mbed/esp32/build_contexts/build_ctx_353438658/libs/vfs-fs-lfs/src/littlefs/lfs_util.c /fwbuild-volumes/2.10.0/apps/mbed/esp32/build_contexts/build_ctx_353438658/libs/vfs-fs-spiffs/src/mgos_vfs_fs_spiffs.c /fwbuild-volumes/2.10.0/apps/mbed/esp32/build_contexts/build_ctx_353438658/libs/vfs-fs-spiffs/src/spiffs/spiffs_cache.c /fwbuild-volumes/2.10.0/apps/mbed/esp32/build_contexts/build_ctx_353438658/libs/vfs-fs-spiffs/src/spiffs/spiffs_check.c /fwbuild-volumes/2.10.0/apps/mbed/esp32/build_contexts/build_ctx_353438658/libs/vfs-fs-spiffs/src/spiffs/spiffs_gc.c /fwbuild-volumes/2.10.0/apps/mbed/esp32/build_contexts/build_ctx_353438658/libs/vfs-fs-spiffs/src/spiffs/spiffs_hydrogen.c /fwbuild-volumes/2.10.0/apps/mbed/esp32/build_contexts/build_ctx_353438658/libs/vfs-fs-spiffs/src/spiffs/spiffs_nucleus.c /fwbuild-volumes/2.10.0/apps/mbed/esp32/build_contexts/build_ctx_353438658/libs/core/src/mgos_core.c /fwbuild-volumes/2.10.0/apps/mbed/esp32/build_contexts/build_ctx_353438658/libs/dht/src/mgos_dht.c /fwbuild-volumes/2.10.0/apps/mbed/esp32/build_contexts/build_ctx_353438658/libs/rpc-common/src/mg_rpc.c /fwbuild-volumes/2.10.0/apps/mbed/esp32/build_contexts/build_ctx_353438658/libs/rpc-common/src/mg_rpc_channel.c /fwbuild-volumes/2.10.0/apps/mbed/esp32/build_contexts/build_ctx_353438658/libs/rpc-common/src/mg_rpc_channel_http.c /fwbuild-volumes/2.10.0/apps/mbed/esp32/build_contexts/build_ctx_353438658/libs/rpc-common/src/mgos_rpc.c /fwbuild-volumes/2.10.0/apps/mbed/esp32/build_contexts/build_ctx_353438658/libs/rpc-service-config/src/mgos_service_config.c /fwbuild-volumes/2.10.0/apps/mbed/esp32/build_contexts/build_ctx_353438658/libs/rpc-service-fs/src/mgos_service_filesystem.c /fwbuild-volumes/2.10.0/apps/mbed/esp32/build_contexts/build_ctx_353438658/libs/rpc-uart/src/mgos_rpc_channel_uart.c /fwbuild-volumes/2.10.0/apps/mbed/esp32/build_contexts/build_ctx_353438658/libs/wifi/src/mgos_wifi.c /fwbuild-volumes/2.10.0/apps/mbed/esp32/build_contexts/build_ctx_353438658/libs/wifi/src/mjs_wifi.c /fwbuild-volumes/2.10.0/apps/mbed/esp32/build_contexts/build_ctx_353438658/libs/wifi/esp32/src/esp32_wifi.c]
Include dirs: [/fwbuild-volumes/2.10.0/apps/mbed/esp32/build_contexts/build_ctx_353438658/libs/i2c/include /fwbuild-volumes/2.10.0/apps/mbed/esp32/build_contexts/build_ctx_353438658/libs/atca/include /fwbuild-volumes/2.10.0/apps/mbed/esp32/build_contexts/build_ctx_353438658/libs/atca/cryptoauthlib/lib /fwbuild-volumes/2.10.0/apps/mbed/esp32/build_contexts/build_ctx_353438658/libs/mbedtls/include /fwbuild-volumes/2.10.0/apps/mbed/esp32/build_contexts/build_ctx_353438658/libs/mbedtls/include/esp32 /fwbuild-volumes/2.10.0/apps/mbed/esp32/build_contexts/build_ctx_353438658/libs/mbedtls/mbedtls/include /fwbuild-volumes/2.10.0/apps/mbed/esp32/build_contexts/build_ctx_353438658/libs/vfs-common/include /fwbuild-volumes/2.10.0/apps/mbed/esp32/build_contexts/build_ctx_353438658/libs/vfs-common/include/esp32 /fwbuild-volumes/2.10.0/apps/mbed/esp32/build_contexts/build_ctx_353438658/libs/mongoose/include /fwbuild-volumes/2.10.0/apps/mbed/esp32/build_contexts/build_ctx_353438658/libs/vfs-fs-lfs/include /fwbuild-volumes/2.10.0/apps/mbed/esp32/build_contexts/build_ctx_353438658/libs/vfs-fs-spiffs/include /fwbuild-volumes/2.10.0/apps/mbed/esp32/build_contexts/build_ctx_353438658/libs/vfs-fs-spiffs/include/spiffs /fwbuild-volumes/2.10.0/apps/mbed/esp32/build_contexts/build_ctx_353438658/libs/vfs-fs-spiffs/include/esp32 /fwbuild-volumes/2.10.0/apps/mbed/esp32/build_contexts/build_ctx_353438658/libs/core/include /fwbuild-volumes/2.10.0/apps/mbed/esp32/build_contexts/build_ctx_353438658/libs/core/include/esp32 /fwbuild-volumes/2.10.0/apps/mbed/esp32/build_contexts/build_ctx_353438658/libs/dht/include /fwbuild-volumes/2.10.0/apps/mbed/esp32/build_contexts/build_ctx_353438658/libs/rpc-common/include /fwbuild-volumes/2.10.0/apps/mbed/esp32/build_contexts/build_ctx_353438658/libs/rpc-service-config/include /fwbuild-volumes/2.10.0/apps/mbed/esp32/build_contexts/build_ctx_353438658/libs/rpc-service-fs/include /fwbuild-volumes/2.10.0/apps/mbed/esp32/build_contexts/build_ctx_353438658/libs/rpc-uart/include /fwbuild-volumes/2.10.0/apps/mbed/esp32/build_contexts/build_ctx_353438658/libs/wifi/include /fwbuild-volumes/2.10.0/apps/mbed/esp32/build_contexts/build_ctx_353438658/libs/wifi/esp32/include]
Binary libs: [/fwbuild-volumes/2.10.0/apps/mbed/esp32/build_contexts/build_ctx_353438658/libs/mbedtls/lib/esp32/libmbedtls.a /fwbuild-volumes/2.10.0/apps/mbed/esp32/build_contexts/build_ctx_353438658/libs/mongoose/lib/esp32/libmongoose.a]
Building...
mount from "/fwbuild-volumes/2.10.0/apps/mbed/esp32/build_contexts/build_ctx_353438658" to "/app"
mount from "/fwbuild-volumes/2.10.0/apps/mbed/esp32/build_contexts/build_ctx_353438658/modules/mongoose-os" to "/mongoose-os"
mount from "/fwbuild-volumes/2.10.0/apps/mbed/esp32/build_contexts/build_ctx_353438658/modules/mongoose-os" to "/fwbuild-volumes/2.10.0/apps/mbed/esp32/build_contexts/build_ctx_353438658/modules/mongoose-os"
mount from "/fwbuild-volumes/2.10.0/apps/mbed/esp32/build_contexts/build_ctx_353438658/build" to "/fwbuild-volumes/2.10.0/apps/mbed/esp32/build_contexts/build_ctx_353438658/build"
mount from "/fwbuild-volumes/2.10.0/apps/mbed/esp32/build_contexts/build_ctx_353438658/src" to "/fwbuild-volumes/2.10.0/apps/mbed/esp32/build_contexts/build_ctx_353438658/src"
mount from "/fwbuild-volumes/2.10.0/apps/mbed/esp32/build_contexts/build_ctx_353438658/build/gen" to "/fwbuild-volumes/2.10.0/apps/mbed/esp32/build_contexts/build_ctx_353438658/build/gen"
mount from "/fwbuild-volumes/2.10.0/apps/mbed/esp32/build_contexts/build_ctx_353438658/libs/i2c/src" to "/fwbuild-volumes/2.10.0/apps/mbed/esp32/build_contexts/build_ctx_353438658/libs/i2c/src"
mount from "/fwbuild-volumes/2.10.0/apps/mbed/esp32/build_contexts/build_ctx_353438658/libs/i2c/esp32/src" to "/fwbuild-volumes/2.10.0/apps/mbed/esp32/build_contexts/build_ctx_353438658/libs/i2c/esp32/src"
mount from "/fwbuild-volumes/2.10.0/apps/mbed/esp32/build_contexts/build_ctx_353438658/libs/atca/src" to "/fwbuild-volumes/2.10.0/apps/mbed/esp32/build_contexts/build_ctx_353438658/libs/atca/src"
mount from "/fwbuild-volumes/2.10.0/apps/mbed/esp32/build_contexts/build_ctx_353438658/libs/atca/cryptoauthlib/lib" to "/fwbuild-volumes/2.10.0/apps/mbed/esp32/build_contexts/build_ctx_353438658/libs/atca/cryptoauthlib/lib"
mount from "/fwbuild-volumes/2.10.0/apps/mbed/esp32/build_contexts/build_ctx_353438658/libs/atca/cryptoauthlib/lib/basic" to "/fwbuild-volumes/2.10.0/apps/mbed/esp32/build_contexts/build_ctx_353438658/libs/atca/cryptoauthlib/lib/basic"
mount from "/fwbuild-volumes/2.10.0/apps/mbed/esp32/build_contexts/build_ctx_353438658/libs/atca/cryptoauthlib/lib/crypto" to "/fwbuild-volumes/2.10.0/apps/mbed/esp32/build_contexts/build_ctx_353438658/libs/atca/cryptoauthlib/lib/crypto"
mount from "/fwbuild-volumes/2.10.0/apps/mbed/esp32/build_contexts/build_ctx_353438658/libs/atca/cryptoauthlib/lib/hal" to "/fwbuild-volumes/2.10.0/apps/mbed/esp32/build_contexts/build_ctx_353438658/libs/atca/cryptoauthlib/lib/hal"
mount from "/fwbuild-volumes/2.10.0/apps/mbed/esp32/build_contexts/build_ctx_353438658/libs/atca/cryptoauthlib/lib/host" to "/fwbuild-volumes/2.10.0/apps/mbed/esp32/build_contexts/build_ctx_353438658/libs/atca/cryptoauthlib/lib/host"
mount from "/fwbuild-volumes/2.10.0/apps/mbed/esp32/build_contexts/build_ctx_353438658/libs/vfs-common/src" to "/fwbuild-volumes/2.10.0/apps/mbed/esp32/build_contexts/build_ctx_353438658/libs/vfs-common/src"
mount from "/fwbuild-volumes/2.10.0/apps/mbed/esp32/build_contexts/build_ctx_353438658/libs/vfs-common/src/esp32" to "/fwbuild-volumes/2.10.0/apps/mbed/esp32/build_contexts/build_ctx_353438658/libs/vfs-common/src/esp32"
mount from "/fwbuild-volumes/2.10.0/apps/mbed/esp32/build_contexts/build_ctx_353438658/libs/vfs-fs-lfs/src" to "/fwbuild-volumes/2.10.0/apps/mbed/esp32/build_contexts/build_ctx_353438658/libs/vfs-fs-lfs/src"
mount from "/fwbuild-volumes/2.10.0/apps/mbed/esp32/build_contexts/build_ctx_353438658/libs/vfs-fs-lfs/src/littlefs" to "/fwbuild-volumes/2.10.0/apps/mbed/esp32/build_contexts/build_ctx_353438658/libs/vfs-fs-lfs/src/littlefs"
mount from "/fwbuild-volumes/2.10.0/apps/mbed/esp32/build_contexts/build_ctx_353438658/libs/vfs-fs-spiffs/src" to "/fwbuild-volumes/2.10.0/apps/mbed/esp32/build_contexts/build_ctx_353438658/libs/vfs-fs-spiffs/src"
mount from "/fwbuild-volumes/2.10.0/apps/mbed/esp32/build_contexts/build_ctx_353438658/libs/vfs-fs-spiffs/src/spiffs" to "/fwbuild-volumes/2.10.0/apps/mbed/esp32/build_contexts/build_ctx_353438658/libs/vfs-fs-spiffs/src/spiffs"
mount from "/fwbuild-volumes/2.10.0/apps/mbed/esp32/build_contexts/build_ctx_353438658/libs/core/src" to "/fwbuild-volumes/2.10.0/apps/mbed/esp32/build_contexts/build_ctx_353438658/libs/core/src"
mount from "/fwbuild-volumes/2.10.0/apps/mbed/esp32/build_contexts/build_ctx_353438658/libs/dht/src" to "/fwbuild-volumes/2.10.0/apps/mbed/esp32/build_contexts/build_ctx_353438658/libs/dht/src"
mount from "/fwbuild-volumes/2.10.0/apps/mbed/esp32/build_contexts/build_ctx_353438658/libs/rpc-common/src" to "/fwbuild-volumes/2.10.0/apps/mbed/esp32/build_contexts/build_ctx_353438658/libs/rpc-common/src"
mount from "/fwbuild-volumes/2.10.0/apps/mbed/esp32/build_contexts/build_ctx_353438658/libs/rpc-service-config/src" to "/fwbuild-volumes/2.10.0/apps/mbed/esp32/build_contexts/build_ctx_353438658/libs/rpc-service-config/src"
mount from "/fwbuild-volumes/2.10.0/apps/mbed/esp32/build_contexts/build_ctx_353438658/libs/rpc-service-fs/src" to "/fwbuild-volumes/2.10.0/apps/mbed/esp32/build_contexts/build_ctx_353438658/libs/rpc-service-fs/src"
mount from "/fwbuild-volumes/2.10.0/apps/mbed/esp32/build_contexts/build_ctx_353438658/libs/rpc-uart/src" to "/fwbuild-volumes/2.10.0/apps/mbed/esp32/build_contexts/build_ctx_353438658/libs/rpc-uart/src"
mount from "/fwbuild-volumes/2.10.0/apps/mbed/esp32/build_contexts/build_ctx_353438658/libs/wifi/src" to "/fwbuild-volumes/2.10.0/apps/mbed/esp32/build_contexts/build_ctx_353438658/libs/wifi/src"
mount from "/fwbuild-volumes/2.10.0/apps/mbed/esp32/build_contexts/build_ctx_353438658/libs/wifi/esp32/src" to "/fwbuild-volumes/2.10.0/apps/mbed/esp32/build_contexts/build_ctx_353438658/libs/wifi/esp32/src"
mount from "/fwbuild-volumes/2.10.0/apps/mbed/esp32/build_contexts/build_ctx_353438658/libs/i2c/include" to "/fwbuild-volumes/2.10.0/apps/mbed/esp32/build_contexts/build_ctx_353438658/libs/i2c/include"
mount from "/fwbuild-volumes/2.10.0/apps/mbed/esp32/build_contexts/build_ctx_353438658/libs/atca/include" to "/fwbuild-volumes/2.10.0/apps/mbed/esp32/build_contexts/build_ctx_353438658/libs/atca/include"
mount from "/fwbuild-volumes/2.10.0/apps/mbed/esp32/build_contexts/build_ctx_353438658/libs/atca/cryptoauthlib/lib" to "/fwbuild-volumes/2.10.0/apps/mbed/esp32/build_contexts/build_ctx_353438658/libs/atca/cryptoauthlib/lib"
mount from "/fwbuild-volumes/2.10.0/apps/mbed/esp32/build_contexts/build_ctx_353438658/libs/mbedtls/include" to "/fwbuild-volumes/2.10.0/apps/mbed/esp32/build_contexts/build_ctx_353438658/libs/mbedtls/include"
mount from "/fwbuild-volumes/2.10.0/apps/mbed/esp32/build_contexts/build_ctx_353438658/libs/mbedtls/include/esp32" to "/fwbuild-volumes/2.10.0/apps/mbed/esp32/build_contexts/build_ctx_353438658/libs/mbedtls/include/esp32"
mount from "/fwbuild-volumes/2.10.0/apps/mbed/esp32/build_contexts/build_ctx_353438658/libs/mbedtls/mbedtls/include" to "/fwbuild-volumes/2.10.0/apps/mbed/esp32/build_contexts/build_ctx_353438658/libs/mbedtls/mbedtls/include"
mount from "/fwbuild-volumes/2.10.0/apps/mbed/esp32/build_contexts/build_ctx_353438658/libs/vfs-common/include" to "/fwbuild-volumes/2.10.0/apps/mbed/esp32/build_contexts/build_ctx_353438658/libs/vfs-common/include"
mount from "/fwbuild-volumes/2.10.0/apps/mbed/esp32/build_contexts/build_ctx_353438658/libs/vfs-common/include/esp32" to "/fwbuild-volumes/2.10.0/apps/mbed/esp32/build_contexts/build_ctx_353438658/libs/vfs-common/include/esp32"
mount from "/fwbuild-volumes/2.10.0/apps/mbed/esp32/build_contexts/build_ctx_353438658/libs/mongoose/include" to "/fwbuild-volumes/2.10.0/apps/mbed/esp32/build_contexts/build_ctx_353438658/libs/mongoose/include"
mount from "/fwbuild-volumes/2.10.0/apps/mbed/esp32/build_contexts/build_ctx_353438658/libs/vfs-fs-lfs/include" to "/fwbuild-volumes/2.10.0/apps/mbed/esp32/build_contexts/build_ctx_353438658/libs/vfs-fs-lfs/include"
mount from "/fwbuild-volumes/2.10.0/apps/mbed/esp32/build_contexts/build_ctx_353438658/libs/vfs-fs-spiffs/include" to "/fwbuild-volumes/2.10.0/apps/mbed/esp32/build_contexts/build_ctx_353438658/libs/vfs-fs-spiffs/include"
mount from "/fwbuild-volumes/2.10.0/apps/mbed/esp32/build_contexts/build_ctx_353438658/libs/vfs-fs-spiffs/include/spiffs" to "/fwbuild-volumes/2.10.0/apps/mbed/esp32/build_contexts/build_ctx_353438658/libs/vfs-fs-spiffs/include/spiffs"
mount from "/fwbuild-volumes/2.10.0/apps/mbed/esp32/build_contexts/build_ctx_353438658/libs/vfs-fs-spiffs/include/esp32" to "/fwbuild-volumes/2.10.0/apps/mbed/esp32/build_contexts/build_ctx_353438658/libs/vfs-fs-spiffs/include/esp32"
mount from "/fwbuild-volumes/2.10.0/apps/mbed/esp32/build_contexts/build_ctx_353438658/libs/core/include" to "/fwbuild-volumes/2.10.0/apps/mbed/esp32/build_contexts/build_ctx_353438658/libs/core/include"
mount from "/fwbuild-volumes/2.10.0/apps/mbed/esp32/build_contexts/build_ctx_353438658/libs/dht/include" to "/fwbuild-volumes/2.10.0/apps/mbed/esp32/build_contexts/build_ctx_353438658/libs/dht/include"
mount from "/fwbuild-volumes/2.10.0/apps/mbed/esp32/build_contexts/build_ctx_353438658/libs/rpc-common/include" to "/fwbuild-volumes/2.10.0/apps/mbed/esp32/build_contexts/build_ctx_353438658/libs/rpc-common/include"
mount from "/fwbuild-volumes/2.10.0/apps/mbed/esp32/build_contexts/build_ctx_353438658/libs/rpc-service-config/include" to "/fwbuild-volumes/2.10.0/apps/mbed/esp32/build_contexts/build_ctx_353438658/libs/rpc-service-config/include"
mount from "/fwbuild-volumes/2.10.0/apps/mbed/esp32/build_contexts/build_ctx_353438658/libs/rpc-service-fs/include" to "/fwbuild-volumes/2.10.0/apps/mbed/esp32/build_contexts/build_ctx_353438658/libs/rpc-service-fs/include"
mount from "/fwbuild-volumes/2.10.0/apps/mbed/esp32/build_contexts/build_ctx_353438658/libs/rpc-uart/include" to "/fwbuild-volumes/2.10.0/apps/mbed/esp32/build_contexts/build_ctx_353438658/libs/rpc-uart/include"
mount from "/fwbuild-volumes/2.10.0/apps/mbed/esp32/build_contexts/build_ctx_353438658/libs/wifi/include" to "/fwbuild-volumes/2.10.0/apps/mbed/esp32/build_contexts/build_ctx_353438658/libs/wifi/include"
mount from "/fwbuild-volumes/2.10.0/apps/mbed/esp32/build_contexts/build_ctx_353438658/libs/wifi/esp32/include" to "/fwbuild-volumes/2.10.0/apps/mbed/esp32/build_contexts/build_ctx_353438658/libs/wifi/esp32/include"
mount from "/fwbuild-volumes/2.10.0/apps/mbed/esp32/build_contexts/build_ctx_353438658/fs" to "/fwbuild-volumes/2.10.0/apps/mbed/esp32/build_contexts/build_ctx_353438658/fs"
mount from "/fwbuild-volumes/2.10.0/apps/mbed/esp32/build_contexts/build_ctx_353438658/libs/mbedtls/lib/esp32" to "/fwbuild-volumes/2.10.0/apps/mbed/esp32/build_contexts/build_ctx_353438658/libs/mbedtls/lib/esp32"
mount from "/fwbuild-volumes/2.10.0/apps/mbed/esp32/build_contexts/build_ctx_353438658/libs/mongoose/lib/esp32" to "/fwbuild-volumes/2.10.0/apps/mbed/esp32/build_contexts/build_ctx_353438658/libs/mongoose/lib/esp32"
mount from "/fwbuild-volumes/2.10.0/apps/mbed/esp32/build_contexts/build_ctx_353438658/build/gen" to "/fwbuild-volumes/2.10.0/apps/mbed/esp32/build_contexts/build_ctx_353438658/build/gen"
Docker arguments: run --name mos_build_2018-12-24T16-07-13-00_8354483215465711548 --rm -i -v /fwbuild-volumes/2.10.0/apps/mbed/esp32/build_contexts/build_ctx_353438658/libs/vfs-fs-spiffs/include/esp32:/fwbuild-volumes/2.10.0/apps/mbed/esp32/build_contexts/build_ctx_353438658/libs/vfs-fs-spiffs/include/esp32 -v /fwbuild-volumes/2.10.0/apps/mbed/esp32/build_contexts/build_ctx_353438658:/app -v /fwbuild-volumes/2.10.0/apps/mbed/esp32/build_contexts/build_ctx_353438658/build/gen:/fwbuild-volumes/2.10.0/apps/mbed/esp32/build_contexts/build_ctx_353438658/build/gen -v /fwbuild-volumes/2.10.0/apps/mbed/esp32/build_contexts/build_ctx_353438658/libs/i2c/src:/fwbuild-volumes/2.10.0/apps/mbed/esp32/build_contexts/build_ctx_353438658/libs/i2c/src -v /fwbuild-volumes/2.10.0/apps/mbed/esp32/build_contexts/build_ctx_353438658/libs/rpc-common/src:/fwbuild-volumes/2.10.0/apps/mbed/esp32/build_contexts/build_ctx_353438658/libs/rpc-common/src -v /fwbuild-volumes/2.10.0/apps/mbed/esp32/build_contexts/build_ctx_353438658/libs/rpc-service-config/src:/fwbuild-volumes/2.10.0/apps/mbed/esp32/build_contexts/build_ctx_353438658/libs/rpc-service-config/src -v /fwbuild-volumes/2.10.0/apps/mbed/esp32/build_contexts/build_ctx_353438658/libs/i2c/include:/fwbuild-volumes/2.10.0/apps/mbed/esp32/build_contexts/build_ctx_353438658/libs/i2c/include -v /fwbuild-volumes/2.10.0/apps/mbed/esp32/build_contexts/build_ctx_353438658/modules/mongoose-os:/mongoose-os -v /fwbuild-volumes/2.10.0/apps/mbed/esp32/build_contexts/build_ctx_353438658/libs/i2c/esp32/src:/fwbuild-volumes/2.10.0/apps/mbed/esp32/build_contexts/build_ctx_353438658/libs/i2c/esp32/src -v /fwbuild-volumes/2.10.0/apps/mbed/esp32/build_contexts/build_ctx_353438658/libs/atca/src:/fwbuild-volumes/2.10.0/apps/mbed/esp32/build_contexts/build_ctx_353438658/libs/atca/src -v /fwbuild-volumes/2.10.0/apps/mbed/esp32/build_contexts/build_ctx_353438658/libs/vfs-common/include/esp32:/fwbuild-volumes/2.10.0/apps/mbed/esp32/build_contexts/build_ctx_353438658/libs/vfs-common/include/esp32 -v /fwbuild-volumes/2.10.0/apps/mbed/esp32/build_contexts/build_ctx_353438658/libs/vfs-fs-lfs/include:/fwbuild-volumes/2.10.0/apps/mbed/esp32/build_contexts/build_ctx_353438658/libs/vfs-fs-lfs/include -v /fwbuild-volumes/2.10.0/apps/mbed/esp32/build_contexts/build_ctx_353438658/libs/vfs-fs-spiffs/include:/fwbuild-volumes/2.10.0/apps/mbed/esp32/build_contexts/build_ctx_353438658/libs/vfs-fs-spiffs/include -v /fwbuild-volumes/2.10.0/apps/mbed/esp32/build_contexts/build_ctx_353438658/libs/dht/include:/fwbuild-volumes/2.10.0/apps/mbed/esp32/build_contexts/build_ctx_353438658/libs/dht/include -v /fwbuild-volumes/2.10.0/apps/mbed/esp32/build_contexts/build_ctx_353438658/libs/rpc-uart/include:/fwbuild-volumes/2.10.0/apps/mbed/esp32/build_contexts/build_ctx_353438658/libs/rpc-uart/include -v /fwbuild-volumes/2.10.0/apps/mbed/esp32/build_contexts/build_ctx_353438658/build:/fwbuild-volumes/2.10.0/apps/mbed/esp32/build_contexts/build_ctx_353438658/build -v /fwbuild-volumes/2.10.0/apps/mbed/esp32/build_contexts/build_ctx_353438658/libs/atca/cryptoauthlib/lib/crypto:/fwbuild-volumes/2.10.0/apps/mbed/esp32/build_contexts/build_ctx_353438658/libs/atca/cryptoauthlib/lib/crypto -v /fwbuild-volumes/2.10.0/apps/mbed/esp32/build_contexts/build_ctx_353438658/libs/vfs-fs-lfs/src:/fwbuild-volumes/2.10.0/apps/mbed/esp32/build_contexts/build_ctx_353438658/libs/vfs-fs-lfs/src -v /fwbuild-volumes/2.10.0/apps/mbed/esp32/build_contexts/build_ctx_353438658/libs/vfs-fs-spiffs/src:/fwbuild-volumes/2.10.0/apps/mbed/esp32/build_contexts/build_ctx_353438658/libs/vfs-fs-spiffs/src -v /fwbuild-volumes/2.10.0/apps/mbed/esp32/build_contexts/build_ctx_353438658/libs/mbedtls/include:/fwbuild-volumes/2.10.0/apps/mbed/esp32/build_contexts/build_ctx_353438658/libs/mbedtls/include -v /fwbuild-volumes/2.10.0/apps/mbed/esp32/build_contexts/build_ctx_353438658/libs/mbedtls/mbedtls/include:/fwbuild-volumes/2.10.0/apps/mbed/esp32/build_contexts/build_ctx_353438658/libs/mbedtls/mbedtls/include -v /fwbuild-volumes/2.10.0/apps/mbed/esp32/build_contexts/build_ctx_353438658/libs/rpc-common/include:/fwbuild-volumes/2.10.0/apps/mbed/esp32/build_contexts/build_ctx_353438658/libs/rpc-common/include -v /fwbuild-volumes/2.10.0/apps/mbed/esp32/build_contexts/build_ctx_353438658/libs/wifi/esp32/include:/fwbuild-volumes/2.10.0/apps/mbed/esp32/build_contexts/build_ctx_353438658/libs/wifi/esp32/include -v /fwbuild-volumes/2.10.0/apps/mbed/esp32/build_contexts/build_ctx_353438658/libs/atca/cryptoauthlib/lib:/fwbuild-volumes/2.10.0/apps/mbed/esp32/build_contexts/build_ctx_353438658/libs/atca/cryptoauthlib/lib -v /fwbuild-volumes/2.10.0/apps/mbed/esp32/build_contexts/build_ctx_353438658/libs/mbedtls/lib/esp32:/fwbuild-volumes/2.10.0/apps/mbed/esp32/build_contexts/build_ctx_353438658/libs/mbedtls/lib/esp32 -v /fwbuild-volumes/2.10.0/apps/mbed/esp32/build_contexts/build_ctx_353438658/libs/vfs-fs-spiffs/src/spiffs:/fwbuild-volumes/2.10.0/apps/mbed/esp32/build_contexts/build_ctx_353438658/libs/vfs-fs-spiffs/src/spiffs -v /fwbuild-volumes/2.10.0/apps/mbed/esp32/build_contexts/build_ctx_353438658/libs/rpc-service-fs/src:/fwbuild-volumes/2.10.0/apps/mbed/esp32/build_contexts/build_ctx_353438658/libs/rpc-service-fs/src -v /fwbuild-volumes/2.10.0/apps/mbed/esp32/build_contexts/build_ctx_353438658/libs/rpc-uart/src:/fwbuild-volumes/2.10.0/apps/mbed/esp32/build_contexts/build_ctx_353438658/libs/rpc-uart/src -v /fwbuild-volumes/2.10.0/apps/mbed/esp32/build_contexts/build_ctx_353438658/libs/wifi/src:/fwbuild-volumes/2.10.0/apps/mbed/esp32/build_contexts/build_ctx_353438658/libs/wifi/src -v /fwbuild-volumes/2.10.0/apps/mbed/esp32/build_contexts/build_ctx_353438658/libs/vfs-fs-spiffs/include/spiffs:/fwbuild-volumes/2.10.0/apps/mbed/esp32/build_contexts/build_ctx_353438658/libs/vfs-fs-spiffs/include/spiffs -v /fwbuild-volumes/2.10.0/apps/mbed/esp32/build_contexts/build_ctx_353438658/libs/core/include:/fwbuild-volumes/2.10.0/apps/mbed/esp32/build_contexts/build_ctx_353438658/libs/core/include -v /fwbuild-volumes/2.10.0/apps/mbed/esp32/build_contexts/build_ctx_353438658/libs/mongoose/lib/esp32:/fwbuild-volumes/2.10.0/apps/mbed/esp32/build_contexts/build_ctx_353438658/libs/mongoose/lib/esp32 -v /fwbuild-volumes/2.10.0/apps/mbed/esp32/build_contexts/build_ctx_353438658/libs/vfs-common/src/esp32:/fwbuild-volumes/2.10.0/apps/mbed/esp32/build_contexts/build_ctx_353438658/libs/vfs-common/src/esp32 -v /fwbuild-volumes/2.10.0/apps/mbed/esp32/build_contexts/build_ctx_353438658/src:/fwbuild-volumes/2.10.0/apps/mbed/esp32/build_contexts/build_ctx_353438658/src -v /fwbuild-volumes/2.10.0/apps/mbed/esp32/build_contexts/build_ctx_353438658/libs/atca/cryptoauthlib/lib/host:/fwbuild-volumes/2.10.0/apps/mbed/esp32/build_contexts/build_ctx_353438658/libs/atca/cryptoauthlib/lib/host -v /fwbuild-volumes/2.10.0/apps/mbed/esp32/build_contexts/build_ctx_353438658/libs/vfs-common/src:/fwbuild-volumes/2.10.0/apps/mbed/esp32/build_contexts/build_ctx_353438658/libs/vfs-common/src -v /fwbuild-volumes/2.10.0/apps/mbed/esp32/build_contexts/build_ctx_353438658/libs/core/src:/fwbuild-volumes/2.10.0/apps/mbed/esp32/build_contexts/build_ctx_353438658/libs/core/src -v /fwbuild-volumes/2.10.0/apps/mbed/esp32/build_contexts/build_ctx_353438658/libs/mbedtls/include/esp32:/fwbuild-volumes/2.10.0/apps/mbed/esp32/build_contexts/build_ctx_353438658/libs/mbedtls/include/esp32 -v /fwbuild-volumes/2.10.0/apps/mbed/esp32/build_contexts/build_ctx_353438658/libs/vfs-common/include:/fwbuild-volumes/2.10.0/apps/mbed/esp32/build_contexts/build_ctx_353438658/libs/vfs-common/include -v /fwbuild-volumes/2.10.0/apps/mbed/esp32/build_contexts/build_ctx_353438658/libs/mongoose/include:/fwbuild-volumes/2.10.0/apps/mbed/esp32/build_contexts/build_ctx_353438658/libs/mongoose/include -v /fwbuild-volumes/2.10.0/apps/mbed/esp32/build_contexts/build_ctx_353438658/modules/mongoose-os:/fwbuild-volumes/2.10.0/apps/mbed/esp32/build_contexts/build_ctx_353438658/modules/mongoose-os -v /fwbuild-volumes/2.10.0/apps/mbed/esp32/build_contexts/build_ctx_353438658/libs/vfs-fs-lfs/src/littlefs:/fwbuild-volumes/2.10.0/apps/mbed/esp32/build_contexts/build_ctx_353438658/libs/vfs-fs-lfs/src/littlefs -v /fwbuild-volumes/2.10.0/apps/mbed/esp32/build_contexts/build_ctx_353438658/libs/dht/src:/fwbuild-volumes/2.10.0/apps/mbed/esp32/build_contexts/build_ctx_353438658/libs/dht/src -v /fwbuild-volumes/2.10.0/apps/mbed/esp32/build_contexts/build_ctx_353438658/libs/wifi/esp32/src:/fwbuild-volumes/2.10.0/apps/mbed/esp32/build_contexts/build_ctx_353438658/libs/wifi/esp32/src -v /fwbuild-volumes/2.10.0/apps/mbed/esp32/build_contexts/build_ctx_353438658/libs/atca/include:/fwbuild-volumes/2.10.0/apps/mbed/esp32/build_contexts/build_ctx_353438658/libs/atca/include -v /fwbuild-volumes/2.10.0/apps/mbed/esp32/build_contexts/build_ctx_353438658/libs/rpc-service-fs/include:/fwbuild-volumes/2.10.0/apps/mbed/esp32/build_contexts/build_ctx_353438658/libs/rpc-service-fs/include -v /fwbuild-volumes/2.10.0/apps/mbed/esp32/build_contexts/build_ctx_353438658/libs/wifi/include:/fwbuild-volumes/2.10.0/apps/mbed/esp32/build_contexts/build_ctx_353438658/libs/wifi/include -v /fwbuild-volumes/2.10.0/apps/mbed/esp32/build_contexts/build_ctx_353438658/fs:/fwbuild-volumes/2.10.0/apps/mbed/esp32/build_contexts/build_ctx_353438658/fs -v /fwbuild-volumes/2.10.0/apps/mbed/esp32/build_contexts/build_ctx_353438658/libs/atca/cryptoauthlib/lib/hal:/fwbuild-volumes/2.10.0/apps/mbed/esp32/build_contexts/build_ctx_353438658/libs/atca/cryptoauthlib/lib/hal -v /fwbuild-volumes/2.10.0/apps/mbed/esp32/build_contexts/build_ctx_353438658/libs/rpc-service-config/include:/fwbuild-volumes/2.10.0/apps/mbed/esp32/build_contexts/build_ctx_353438658/libs/rpc-service-config/include -v /fwbuild-volumes/2.10.0/apps/mbed/esp32/build_contexts/build_ctx_353438658/libs/atca/cryptoauthlib/lib/basic:/fwbuild-volumes/2.10.0/apps/mbed/esp32/build_contexts/build_ctx_353438658/libs/atca/cryptoauthlib/lib/basic --user 0:0 docker.io/mgos/esp32-build:3.2-r1 /bin/bash -c nice make '-j' '8' '-C' '/app' '-f' '/mongoose-os/fw/platforms/esp32/Makefile.build' 'all' 'MGOS_VARS_FILE=/fwbuild-volumes/2.10.0/apps/mbed/esp32/build_contexts/build_ctx_353438658/build/gen/vars.mk'
make: Entering directory '/app'
Toolchain path: /opt/Espressif/xtensa-esp32-elf/bin/xtensa-esp32-elf-gcc
Toolchain version: crosstool-ng-1.22.0-80-g6c4433a
Compiler version: 5.2.0
/mongoose-os/fw/platforms/esp32/Makefile.build:186: warning: overriding recipe for target 'defconfig'
/opt/Espressif/esp-idf/make/project_config.mk:76: warning: ignoring old recipe for target 'defconfig'
/mongoose-os/fw/platforms/esp32/Makefile.build:186: warning: overriding recipe for target 'menuconfig'
/opt/Espressif/esp-idf/make/project_config.mk:63: warning: ignoring old recipe for target 'menuconfig'
/mongoose-os/fw/platforms/esp32/Makefile.build:227: warning: overriding recipe for target 'clean'
/opt/Espressif/esp-idf/components/app_update/Makefile.projbuild:60: warning: ignoring old recipe for target 'clean'
make[1]: Entering directory '/opt/Espressif/esp-idf/components/bootloader/subproject'
Python requirements from /opt/Espressif/esp-idf/requirements.txt are satisfied.
make[1]: Leaving directory '/opt/Espressif/esp-idf/components/bootloader/subproject'
make[1]: Entering directory '/fwbuild-volumes/2.10.0/apps/mbed/esp32/build_contexts/build_ctx_353438658/build/objs/mosapp'
  CC main.o
  GEN   /fwbuild-volumes/2.10.0/apps/mbed/esp32/build_contexts/build_ctx_353438658/build/gen/build_info.c
fatal: not a git repository (or any parent up to mount point /)
Stopping at filesystem boundary (GIT_DISCOVERY_ACROSS_FILESYSTEM not set).
  CC build_info.o
AR /fwbuild-volumes/2.10.0/apps/mbed/esp32/build_contexts/build_ctx_353438658/build/objs/mosapp/libmosapp.a
make[1]: Leaving directory '/fwbuild-volumes/2.10.0/apps/mbed/esp32/build_contexts/build_ctx_353438658/build/objs/mosapp'
LD /fwbuild-volumes/2.10.0/apps/mbed/esp32/build_contexts/build_ctx_353438658/build/objs/mbed.elf
esptool.py v2.6-beta1
  Generating breakdown
  GEN    /fwbuild-volumes/2.10.0/apps/mbed/esp32/build_contexts/build_ctx_353438658/build/objs/fw_temp/manifest.json
  ZIP    /fwbuild-volumes/2.10.0/apps/mbed/esp32/build_contexts/build_ctx_353438658/build/fw/mbed-esp32-last.zip
     Adding /fwbuild-volumes/2.10.0/apps/mbed/esp32/build_contexts/build_ctx_353438658/build/objs/fw_temp/bootloader.bin
     Adding /fwbuild-volumes/2.10.0/apps/mbed/esp32/build_contexts/build_ctx_353438658/build/objs/fw_temp/fs.img
     Adding /fwbuild-volumes/2.10.0/apps/mbed/esp32/build_contexts/build_ctx_353438658/build/objs/fw_temp/mbed.bin
     Adding /fwbuild-volumes/2.10.0/apps/mbed/esp32/build_contexts/build_ctx_353438658/build/objs/fw_temp/otadata.bin
     Adding /fwbuild-volumes/2.10.0/apps/mbed/esp32/build_contexts/build_ctx_353438658/build/objs/fw_temp/partitions_mgos.bin
  Built mbed/esp32 version 1.0 (20181224-160717)
To flash all build output, run 'make flash' or:
python /opt/Espressif/esp-idf/components/esptool_py/esptool/esptool.py --chip esp32 --port /dev/ttyUSB0 --baud 1500000 --before default_reset --after hard_reset write_flash -z --flash_mode qio --flash_freq 40m --flash_size detect 0xd000 /fwbuild-volumes/2.10.0/apps/mbed/esp32/build_contexts/build_ctx_353438658/build/objs/ota_data_initial.bin 0x1000 /fwbuild-volumes/2.10.0/apps/mbed/esp32/build_contexts/build_ctx_353438658/build/objs/bootloader/bootloader.bin 0x10000 /fwbuild-volumes/2.10.0/apps/mbed/esp32/build_contexts/build_ctx_353438658/build/objs/mbed.bin 0x8000 /fwbuild-volumes/2.10.0/apps/mbed/esp32/build_contexts/build_ctx_353438658/build/objs/partitions_mgos.bin
make: Leaving directory '/app'
Success, built mbed/esp32 version 1.0 (20181224-160717).
Firmware saved to /fwbuild-volumes/2.10.0/apps/mbed/esp32/build_contexts/build_ctx_353438658/build/fw.zip
